2025-04-12 11:08:00.169 [INFO] com.inteliMedExpress.utils.AppLogger: Logger initialized. Log file: logs/app_2025-04-12.log
2025-04-12 11:08:00.173 [INFO] LoginController: LoginController initialized
2025-04-12 11:08:00.276 [INFO] HttpsUtil: SSL setup complete with specific certificate and hostname verification disabled
2025-04-12 12:40:51.731 [INFO] com.inteliMedExpress.utils.AppLogger: Logger initialized. Log file: logs/app_2025-04-12.log
2025-04-12 12:40:51.735 [INFO] LoginController: LoginController initialized
2025-04-12 12:40:51.843 [INFO] HttpsUtil: SSL setup complete with specific certificate and hostname verification disabled
2025-04-12 12:41:38.828 [INFO] LoginController: Login attempt for user: user2
2025-04-12 12:41:40.572 [INFO] LoginController: user2 successfully logged in.
2025-04-12 12:41:40.591 [INFO] LoginController: Department set to: General_Medicine
2025-04-12 12:41:40.723 [INFO] LoginController: Loaded view for General Medicine with role DOCTOR
2025-04-12 12:46:54.203 [INFO] com.inteliMedExpress.utils.AppLogger: Logger initialized. Log file: logs/app_2025-04-12.log
2025-04-12 12:46:54.206 [INFO] LoginController: LoginController initialized
2025-04-12 12:46:54.312 [INFO] HttpsUtil: SSL setup complete with specific certificate and hostname verification disabled
2025-04-12 12:47:40.618 [INFO] RegisterController: Registering user: john123
2025-04-12 12:47:40.620 [INFO] RegisterController: Sending register request to https://127.0.0.1:8080/api/auth/register
2025-04-12 12:47:41.816 [INFO] RegisterController: john123 successfully registered.
2025-04-12 12:47:42.137 [INFO] LoginController: LoginController initialized
2025-04-12 12:47:48.300 [INFO] LoginController: Login attempt for user: john123
2025-04-12 12:47:49.373 [INFO] LoginController: john123 successfully logged in.
2025-04-12 12:47:49.378 [INFO] LoginController: Department set to: General_Medicine
2025-04-12 12:47:49.488 [INFO] LoginController: Loaded view for General Medicine with role DOCTOR
2025-04-12 12:53:12.265 [INFO] com.inteliMedExpress.utils.AppLogger: Logger initialized. Log file: logs/app_2025-04-12.log
2025-04-12 12:53:12.266 [INFO] LoginController: LoginController initialized
2025-04-12 12:53:12.319 [INFO] HttpsUtil: SSL setup complete with specific certificate and hostname verification disabled
2025-04-12 12:53:19.621 [INFO] LoginController: Login attempt for user: john123
2025-04-12 12:53:20.486 [INFO] LoginController: john123 successfully logged in.
2025-04-12 12:53:20.490 [INFO] LoginController: Department set to: General
2025-04-12 12:53:20.624 [INFO] LoginController: Loaded view for General with role DOCTOR
2025-04-12 13:29:17.551 [INFO] com.inteliMedExpress.utils.AppLogger: Logger initialized. Log file: logs/app_2025-04-12.log
2025-04-12 13:29:17.553 [INFO] LoginController: LoginController initialized
2025-04-12 13:29:17.606 [INFO] HttpsUtil: SSL setup complete with specific certificate and hostname verification disabled
2025-04-12 13:29:23.816 [INFO] LoginController: Login attempt for user: john123
2025-04-12 13:29:24.804 [INFO] LoginController: john123 successfully logged in.
2025-04-12 13:29:24.808 [INFO] LoginController: Department set to: General
2025-04-12 13:29:24.941 [INFO] LoginController: Loaded view for General with role DOCTOR
2025-04-12 13:31:50.908 [INFO] com.inteliMedExpress.utils.AppLogger: Logger initialized. Log file: logs/app_2025-04-12.log
2025-04-12 13:31:50.910 [INFO] LoginController: LoginController initialized
2025-04-12 13:31:50.963 [INFO] HttpsUtil: SSL setup complete with specific certificate and hostname verification disabled
2025-04-12 13:31:57.197 [INFO] LoginController: Login attempt for user: john123
2025-04-12 13:31:58.267 [INFO] LoginController: john123 successfully logged in.
2025-04-12 13:31:58.270 [INFO] LoginController: Department set to: General
2025-04-12 13:31:58.394 [INFO] LoginController: Loaded view for General with role DOCTOR
2025-04-12 16:37:33.049 [INFO] com.inteliMedExpress.utils.AppLogger: Logger initialized. Log file: logs/app_2025-04-12.log
2025-04-12 16:37:33.054 [INFO] LoginController: LoginController initialized
2025-04-12 16:37:33.172 [INFO] HttpsUtil: SSL setup complete with specific certificate and hostname verification disabled
2025-04-12 16:38:27.186 [INFO] LoginController: Login attempt for user: john123
2025-04-12 16:38:28.467 [INFO] LoginController: john123 successfully logged in.
2025-04-12 16:38:28.471 [INFO] LoginController: Department set to: General
2025-04-12 16:38:28.616 [INFO] LoginController: Loaded view for General with role DOCTOR
2025-04-12 16:42:45.669 [INFO] com.inteliMedExpress.utils.AppLogger: Logger initialized. Log file: logs/app_2025-04-12.log
2025-04-12 16:42:45.673 [INFO] LoginController: LoginController initialized
2025-04-12 16:42:45.802 [INFO] HttpsUtil: SSL setup complete with specific certificate and hostname verification disabled
2025-04-12 16:42:51.564 [INFO] LoginController: Login attempt for user: john123
2025-04-12 16:42:52.466 [INFO] LoginController: john123 successfully logged in.
2025-04-12 16:42:52.481 [INFO] LoginController: Department set to: General
2025-04-12 16:42:52.642 [INFO] LoginController: Loaded view for General with role DOCTOR
2025-04-12 16:44:21.252 [INFO] com.inteliMedExpress.utils.AppLogger: Logger initialized. Log file: logs/app_2025-04-12.log
2025-04-12 16:44:21.256 [INFO] LoginController: LoginController initialized
2025-04-12 16:44:21.353 [INFO] HttpsUtil: SSL setup complete with specific certificate and hostname verification disabled
2025-04-12 16:44:28.564 [INFO] LoginController: Login attempt for user: john123
2025-04-12 16:44:29.957 [INFO] LoginController: john123 successfully logged in.
2025-04-12 16:44:29.973 [INFO] LoginController: Department set to: General
2025-04-12 16:44:30.116 [INFO] LoginController: Loaded view for General with role DOCTOR
2025-04-12 16:46:45.173 [INFO] com.inteliMedExpress.utils.AppLogger: Logger initialized. Log file: logs/app_2025-04-12.log
2025-04-12 16:46:45.177 [INFO] LoginController: LoginController initialized
2025-04-12 16:46:45.279 [INFO] HttpsUtil: SSL setup complete with specific certificate and hostname verification disabled
2025-04-12 16:46:51.035 [INFO] LoginController: Login attempt for user: john123
2025-04-12 16:46:52.113 [INFO] LoginController: john123 successfully logged in.
2025-04-12 16:46:52.124 [INFO] LoginController: Department set to: General
2025-04-12 16:46:52.270 [INFO] LoginController: Loaded view for General with role DOCTOR
2025-04-12 16:48:51.736 [INFO] com.inteliMedExpress.utils.AppLogger: Logger initialized. Log file: logs/app_2025-04-12.log
2025-04-12 16:48:51.740 [INFO] LoginController: LoginController initialized
2025-04-12 16:48:51.842 [INFO] HttpsUtil: SSL setup complete with specific certificate and hostname verification disabled
2025-04-12 16:48:58.202 [INFO] LoginController: Login attempt for user: john123
2025-04-12 16:48:59.462 [INFO] LoginController: john123 successfully logged in.
2025-04-12 16:48:59.466 [INFO] LoginController: Department set to: General
2025-04-12 16:48:59.612 [INFO] LoginController: Loaded view for General with role DOCTOR
2025-04-12 16:59:57.007 [INFO] com.inteliMedExpress.utils.AppLogger: Logger initialized. Log file: logs/app_2025-04-12.log
2025-04-12 16:59:57.010 [INFO] LoginController: LoginController initialized
2025-04-12 16:59:57.065 [INFO] HttpsUtil: SSL setup complete with specific certificate and hostname verification disabled
2025-04-12 17:00:06.103 [INFO] LoginController: Login attempt for user: john123
2025-04-12 17:00:06.905 [INFO] LoginController: john123 successfully logged in.
2025-04-12 17:00:06.914 [INFO] LoginController: Department set to: General
2025-04-12 17:00:07.046 [INFO] LoginController: Loaded view for General with role DOCTOR
2025-04-12 17:02:29.501 [INFO] com.inteliMedExpress.utils.AppLogger: Logger initialized. Log file: logs/app_2025-04-12.log
2025-04-12 17:02:29.503 [INFO] LoginController: LoginController initialized
2025-04-12 17:02:29.558 [INFO] HttpsUtil: SSL setup complete with specific certificate and hostname verification disabled
2025-04-12 17:02:36.484 [INFO] LoginController: Login attempt for user: john123
2025-04-12 17:02:37.284 [INFO] LoginController: john123 successfully logged in.
2025-04-12 17:02:37.292 [INFO] LoginController: Department set to: General
2025-04-12 17:02:37.433 [INFO] LoginController: Loaded view for General with role DOCTOR
2025-04-12 17:03:14.457 [INFO] com.inteliMedExpress.utils.AppLogger: Logger initialized. Log file: logs/app_2025-04-12.log
2025-04-12 17:03:14.459 [INFO] LoginController: LoginController initialized
2025-04-12 17:03:14.512 [INFO] HttpsUtil: SSL setup complete with specific certificate and hostname verification disabled
2025-04-12 17:03:20.870 [INFO] LoginController: Login attempt for user: john123
2025-04-12 17:03:21.985 [INFO] LoginController: john123 successfully logged in.
2025-04-12 17:03:21.995 [INFO] LoginController: Department set to: General
2025-04-12 17:03:22.148 [INFO] LoginController: Loaded view for General with role DOCTOR
2025-04-12 17:04:35.033 [INFO] com.inteliMedExpress.utils.AppLogger: Logger initialized. Log file: logs/app_2025-04-12.log
2025-04-12 17:04:35.037 [INFO] LoginController: LoginController initialized
2025-04-12 17:04:35.147 [INFO] HttpsUtil: SSL setup complete with specific certificate and hostname verification disabled
2025-04-12 17:04:40.846 [INFO] LoginController: Login attempt for user: john123
2025-04-12 17:04:41.816 [INFO] LoginController: john123 successfully logged in.
2025-04-12 17:04:41.833 [INFO] LoginController: Department set to: General
2025-04-12 17:04:42.002 [INFO] LoginController: Loaded view for General with role DOCTOR
2025-04-12 17:06:13.621 [INFO] com.inteliMedExpress.utils.AppLogger: Logger initialized. Log file: logs/app_2025-04-12.log
2025-04-12 17:06:13.623 [INFO] LoginController: LoginController initialized
2025-04-12 17:06:13.678 [INFO] HttpsUtil: SSL setup complete with specific certificate and hostname verification disabled
2025-04-12 17:06:27.633 [INFO] LoginController: Login attempt for user: john123
2025-04-12 17:06:28.834 [INFO] LoginController: john123 successfully logged in.
2025-04-12 17:06:28.838 [INFO] LoginController: Department set to: General
2025-04-12 17:06:28.984 [INFO] LoginController: Loaded view for General with role DOCTOR
2025-04-12 17:25:12.220 [INFO] com.inteliMedExpress.utils.AppLogger: Logger initialized. Log file: logs/app_2025-04-12.log
2025-04-12 17:25:12.221 [INFO] LoginController: LoginController initialized
2025-04-12 17:25:12.276 [INFO] HttpsUtil: SSL setup complete with specific certificate and hostname verification disabled
2025-04-12 17:25:21.561 [INFO] LoginController: Login attempt for user: john123
2025-04-12 17:25:27.188 [INFO] LoginController: john123 successfully logged in.
2025-04-12 17:25:27.198 [INFO] LoginController: Department set to: General
2025-04-12 17:25:27.335 [INFO] LoginController: Loaded view for General with role DOCTOR
2025-04-12 17:26:17.842 [INFO] com.inteliMedExpress.utils.AppLogger: Logger initialized. Log file: logs/app_2025-04-12.log
2025-04-12 17:26:17.847 [INFO] LoginController: LoginController initialized
2025-04-12 17:26:17.941 [INFO] HttpsUtil: SSL setup complete with specific certificate and hostname verification disabled
2025-04-12 17:26:24.535 [INFO] LoginController: Login attempt for user: john123
2025-04-12 17:26:25.562 [INFO] LoginController: john123 successfully logged in.
2025-04-12 17:26:25.575 [INFO] LoginController: Department set to: General
2025-04-12 17:26:25.726 [INFO] LoginController: Loaded view for General with role DOCTOR
2025-04-12 17:36:17.382 [INFO] com.inteliMedExpress.utils.AppLogger: Logger initialized. Log file: logs/app_2025-04-12.log
2025-04-12 17:36:17.386 [INFO] LoginController: LoginController initialized
2025-04-12 17:36:17.483 [INFO] HttpsUtil: SSL setup complete with specific certificate and hostname verification disabled
2025-04-12 17:36:26.118 [INFO] LoginController: Login attempt for user: john123
2025-04-12 17:36:26.853 [INFO] LoginController: john123 successfully logged in.
2025-04-12 17:36:26.869 [INFO] LoginController: Department set to: General
2025-04-12 17:36:26.997 [INFO] LoginController: Loaded view for General with role DOCTOR
2025-04-12 17:47:08.280 [INFO] com.inteliMedExpress.utils.AppLogger: Logger initialized. Log file: logs/app_2025-04-12.log
2025-04-12 17:47:08.284 [INFO] LoginController: LoginController initialized
2025-04-12 17:47:08.398 [INFO] HttpsUtil: SSL setup complete with specific certificate and hostname verification disabled
2025-04-12 17:47:13.634 [INFO] LoginController: Login attempt for user: john123
2025-04-12 17:47:14.374 [INFO] LoginController: john123 successfully logged in.
2025-04-12 17:47:14.385 [INFO] LoginController: Department set to: General
2025-04-12 17:47:14.525 [INFO] LoginController: Loaded view for General with role DOCTOR
2025-04-12 17:55:20.827 [INFO] com.inteliMedExpress.utils.AppLogger: Logger initialized. Log file: logs/app_2025-04-12.log
2025-04-12 17:55:20.829 [INFO] LoginController: LoginController initialized
2025-04-12 17:55:20.879 [INFO] HttpsUtil: SSL setup complete with specific certificate and hostname verification disabled
2025-04-12 17:55:32.313 [INFO] LoginController: Login attempt for user: john123
2025-04-12 17:55:33.278 [INFO] LoginController: john123 successfully logged in.
2025-04-12 17:55:33.286 [INFO] LoginController: Department set to: General
2025-04-12 17:55:33.420 [INFO] LoginController: Loaded view for General with role DOCTOR
2025-04-12 18:06:13.651 [INFO] com.inteliMedExpress.utils.AppLogger: Logger initialized. Log file: logs/app_2025-04-12.log
2025-04-12 18:06:13.652 [INFO] LoginController: LoginController initialized
2025-04-12 18:06:13.702 [INFO] HttpsUtil: SSL setup complete with specific certificate and hostname verification disabled
2025-04-12 18:06:20.178 [INFO] LoginController: Login attempt for user: john123
2025-04-12 18:06:21.005 [INFO] LoginController: john123 successfully logged in.
2025-04-12 18:06:21.016 [INFO] LoginController: Department set to: General
2025-04-12 18:06:21.157 [INFO] LoginController: Loaded view for General with role DOCTOR
2025-04-12 18:12:35.680 [INFO] com.inteliMedExpress.utils.AppLogger: Logger initialized. Log file: logs/app_2025-04-12.log
2025-04-12 18:12:35.682 [INFO] LoginController: LoginController initialized
2025-04-12 18:12:35.736 [INFO] HttpsUtil: SSL setup complete with specific certificate and hostname verification disabled
2025-04-12 18:12:40.355 [INFO] LoginController: Login attempt for user: john123
2025-04-12 18:12:41.074 [INFO] LoginController: john123 successfully logged in.
2025-04-12 18:12:41.082 [INFO] LoginController: Department set to: General
2025-04-12 18:12:41.237 [INFO] LoginController: Loaded view for General with role DOCTOR
2025-04-12 18:23:39.126 [INFO] com.inteliMedExpress.utils.AppLogger: Logger initialized. Log file: logs/app_2025-04-12.log
2025-04-12 18:23:39.130 [INFO] LoginController: LoginController initialized
2025-04-12 18:23:39.236 [INFO] HttpsUtil: SSL setup complete with specific certificate and hostname verification disabled
2025-04-12 18:23:48.534 [INFO] LoginController: Login attempt for user: john123
2025-04-12 18:23:49.541 [INFO] LoginController: john123 successfully logged in.
2025-04-12 18:23:49.550 [INFO] LoginController: Department set to: General
2025-04-12 18:23:49.695 [INFO] LoginController: Loaded view for General with role DOCTOR
2025-04-12 18:24:14.244 [INFO] com.inteliMedExpress.utils.AppLogger: Logger initialized. Log file: logs/app_2025-04-12.log
2025-04-12 18:24:14.247 [INFO] LoginController: LoginController initialized
2025-04-12 18:24:14.299 [INFO] HttpsUtil: SSL setup complete with specific certificate and hostname verification disabled
2025-04-12 18:24:20.352 [INFO] LoginController: Login attempt for user: john123
2025-04-12 18:24:21.010 [INFO] LoginController: john123 successfully logged in.
2025-04-12 18:24:21.015 [INFO] LoginController: Department set to: General
2025-04-12 18:24:21.145 [INFO] LoginController: Loaded view for General with role DOCTOR
2025-04-12 18:27:26.787 [INFO] com.inteliMedExpress.utils.AppLogger: Logger initialized. Log file: logs/app_2025-04-12.log
2025-04-12 18:27:26.790 [INFO] LoginController: LoginController initialized
2025-04-12 18:27:26.897 [INFO] HttpsUtil: SSL setup complete with specific certificate and hostname verification disabled
2025-04-12 18:27:35.289 [INFO] LoginController: Login attempt for user: john123
2025-04-12 18:27:36.336 [INFO] LoginController: john123 successfully logged in.
2025-04-12 18:27:36.350 [INFO] LoginController: Department set to: General
2025-04-12 18:27:36.485 [INFO] LoginController: Loaded view for General with role DOCTOR
2025-04-12 18:36:41.723 [INFO] com.inteliMedExpress.utils.AppLogger: Logger initialized. Log file: logs/app_2025-04-12.log
2025-04-12 18:36:41.727 [INFO] LoginController: LoginController initialized
2025-04-12 18:36:41.838 [INFO] HttpsUtil: SSL setup complete with specific certificate and hostname verification disabled
2025-04-12 18:36:46.684 [INFO] LoginController: Login attempt for user: john123
2025-04-12 18:36:47.473 [INFO] LoginController: john123 successfully logged in.
2025-04-12 18:36:47.479 [INFO] LoginController: Department set to: General
2025-04-12 18:36:47.612 [INFO] LoginController: Loaded view for General with role DOCTOR
2025-04-12 18:41:05.012 [INFO] com.inteliMedExpress.utils.AppLogger: Logger initialized. Log file: logs/app_2025-04-12.log
2025-04-12 18:41:05.017 [INFO] LoginController: LoginController initialized
2025-04-12 18:41:05.114 [INFO] HttpsUtil: SSL setup complete with specific certificate and hostname verification disabled
2025-04-12 18:41:11.720 [INFO] LoginController: Login attempt for user: john123
2025-04-12 18:41:13.049 [INFO] LoginController: john123 successfully logged in.
2025-04-12 18:41:13.057 [INFO] LoginController: Department set to: General
2025-04-12 18:41:13.193 [INFO] LoginController: Loaded view for General with role DOCTOR
2025-04-12 18:42:23.092 [INFO] com.inteliMedExpress.utils.AppLogger: Logger initialized. Log file: logs/app_2025-04-12.log
2025-04-12 18:42:23.093 [INFO] LoginController: LoginController initialized
2025-04-12 18:42:23.147 [INFO] HttpsUtil: SSL setup complete with specific certificate and hostname verification disabled
2025-04-12 18:42:30.476 [INFO] LoginController: Login attempt for user: john123
2025-04-12 18:42:31.279 [INFO] LoginController: john123 successfully logged in.
2025-04-12 18:42:31.283 [INFO] LoginController: Department set to: General
2025-04-12 18:42:31.414 [INFO] LoginController: Loaded view for General with role DOCTOR
2025-04-12 22:07:42.458 [INFO] com.inteliMedExpress.utils.AppLogger: Logger initialized. Log file: logs/app_2025-04-12.log
2025-04-12 22:07:42.461 [INFO] LoginController: LoginController initialized
2025-04-12 22:07:42.519 [INFO] HttpsUtil: SSL setup complete with specific certificate and hostname verification disabled
2025-04-12 22:07:52.129 [INFO] LoginController: Login attempt for user: john123
2025-04-12 22:08:04.418 [INFO] LoginController: Login attempt for user: john123
2025-04-12 22:08:28.964 [INFO] LoginController: Login attempt for user: john123
2025-04-12 22:08:30.086 [INFO] LoginController: john123 successfully logged in.
2025-04-12 22:08:30.091 [INFO] LoginController: Department set to: General
2025-04-12 22:08:30.226 [INFO] LoginController: Loaded view for General with role DOCTOR
2025-04-12 22:12:39.347 [INFO] com.inteliMedExpress.utils.AppLogger: Logger initialized. Log file: logs/app_2025-04-12.log
2025-04-12 22:12:39.350 [INFO] LoginController: LoginController initialized
2025-04-12 22:12:39.452 [INFO] HttpsUtil: SSL setup complete with specific certificate and hostname verification disabled
2025-04-12 22:12:46.210 [INFO] LoginController: Login attempt for user: john123
2025-04-12 22:12:47.134 [INFO] LoginController: john123 successfully logged in.
2025-04-12 22:12:47.143 [INFO] LoginController: Department set to: General
2025-04-12 22:12:47.274 [INFO] LoginController: Loaded view for General with role DOCTOR
2025-04-12 22:16:12.558 [INFO] com.inteliMedExpress.utils.AppLogger: Logger initialized. Log file: logs/app_2025-04-12.log
2025-04-12 22:16:12.559 [INFO] LoginController: LoginController initialized
2025-04-12 22:16:12.613 [INFO] HttpsUtil: SSL setup complete with specific certificate and hostname verification disabled
2025-04-12 22:16:20.039 [INFO] LoginController: Login attempt for user: john123
2025-04-12 22:16:21.073 [INFO] LoginController: john123 successfully logged in.
2025-04-12 22:16:21.083 [INFO] LoginController: Department set to: General
2025-04-12 22:16:21.211 [INFO] LoginController: Loaded view for General with role DOCTOR
2025-04-12 22:33:01.508 [INFO] com.inteliMedExpress.utils.AppLogger: Logger initialized. Log file: logs/app_2025-04-12.log
2025-04-12 22:33:01.510 [INFO] LoginController: LoginController initialized
2025-04-12 22:33:01.564 [INFO] HttpsUtil: SSL setup complete with specific certificate and hostname verification disabled
2025-04-12 22:33:13.228 [INFO] LoginController: Login attempt for user: john123
2025-04-12 22:33:13.950 [INFO] LoginController: john123 successfully logged in.
2025-04-12 22:33:13.957 [INFO] LoginController: Department set to: General
2025-04-12 22:33:14.089 [INFO] LoginController: Loaded view for General with role DOCTOR
2025-04-12 22:37:38.151 [INFO] com.inteliMedExpress.utils.AppLogger: Logger initialized. Log file: logs/app_2025-04-12.log
2025-04-12 22:37:38.153 [INFO] LoginController: LoginController initialized
2025-04-12 22:37:38.208 [INFO] HttpsUtil: SSL setup complete with specific certificate and hostname verification disabled
2025-04-12 22:37:43.454 [INFO] LoginController: Login attempt for user: john123
2025-04-12 22:37:44.188 [INFO] LoginController: john123 successfully logged in.
2025-04-12 22:37:44.196 [INFO] LoginController: Department set to: General
2025-04-12 22:37:44.338 [INFO] LoginController: Loaded view for General with role DOCTOR
2025-04-12 22:43:06.546 [INFO] com.inteliMedExpress.utils.AppLogger: Logger initialized. Log file: logs/app_2025-04-12.log
2025-04-12 22:43:06.548 [INFO] LoginController: LoginController initialized
2025-04-12 22:43:06.600 [INFO] HttpsUtil: SSL setup complete with specific certificate and hostname verification disabled
2025-04-12 22:43:11.643 [INFO] LoginController: Login attempt for user: john123
2025-04-12 22:43:12.456 [INFO] LoginController: john123 successfully logged in.
2025-04-12 22:43:12.460 [INFO] LoginController: Department set to: General
2025-04-12 22:43:12.588 [INFO] LoginController: Loaded view for General with role DOCTOR
2025-04-12 22:45:00.023 [INFO] com.inteliMedExpress.utils.AppLogger: Logger initialized. Log file: logs/app_2025-04-12.log
2025-04-12 22:45:00.025 [INFO] LoginController: LoginController initialized
2025-04-12 22:45:00.072 [INFO] HttpsUtil: SSL setup complete with specific certificate and hostname verification disabled
2025-04-12 22:45:05.627 [INFO] LoginController: Login attempt for user: john123
2025-04-12 22:45:06.297 [INFO] LoginController: john123 successfully logged in.
2025-04-12 22:45:06.302 [INFO] LoginController: Department set to: General
2025-04-12 22:45:06.442 [INFO] LoginController: Loaded view for General with role DOCTOR
2025-04-12 22:56:36.334 [INFO] com.inteliMedExpress.utils.AppLogger: Logger initialized. Log file: logs/app_2025-04-12.log
2025-04-12 22:56:36.336 [INFO] LoginController: LoginController initialized
2025-04-12 22:56:36.388 [INFO] HttpsUtil: SSL setup complete with specific certificate and hostname verification disabled
2025-04-12 22:56:41.881 [INFO] LoginController: Login attempt for user: john123
2025-04-12 22:56:42.832 [INFO] LoginController: john123 successfully logged in.
2025-04-12 22:56:42.856 [INFO] LoginController: Department set to: General
2025-04-12 22:56:42.994 [INFO] LoginController: Loaded view for General with role DOCTOR
2025-04-12 23:02:34.353 [INFO] LoginController: LoginController initialized
2025-04-12 23:02:47.253 [INFO] LoginController: LoginController initialized
2025-04-12 23:04:24.578 [INFO] LoginController: LoginController initialized
2025-04-12 23:04:31.700 [INFO] LoginController: Login attempt for user: john123
2025-04-12 23:04:32.523 [INFO] LoginController: john123 successfully logged in.
2025-04-12 23:04:32.524 [INFO] LoginController: Department set to: General
2025-04-12 23:04:32.584 [INFO] LoginController: Loaded view for General with role DOCTOR
2025-04-12 23:04:42.728 [INFO] LoginController: LoginController initialized
2025-04-12 23:06:09.411 [INFO] RegisterController: Registering user: papas
2025-04-12 23:06:09.411 [INFO] RegisterController: Sending register request to https://127.0.0.1:8080/api/auth/register
2025-04-12 23:06:10.254 [INFO] RegisterController: papas successfully registered.
2025-04-12 23:06:10.570 [INFO] LoginController: LoginController initialized
2025-04-12 23:06:15.171 [INFO] LoginController: Login attempt for user: papas
2025-04-12 23:06:15.990 [INFO] LoginController: papas successfully logged in.
2025-04-12 23:06:15.990 [INFO] LoginController: Department set to: General
2025-04-12 23:06:16.043 [INFO] LoginController: Loaded view for General with role DOCTOR
