2025-04-10 17:02:17.380 [INFO] com.inteliMedExpress.utils.AppLogger: Logger initialized. Log file: logs/app_2025-04-10.log
2025-04-10 17:02:17.387 [INFO] LoginController: LoginController initialized
2025-04-10 17:04:27.872 [INFO] LoginController: LoginController initialized
2025-04-10 17:04:40.625 [INFO] LoginController: Login attempt for user: rcollins
2025-04-10 17:04:40.628 [INFO] LoginController: Sending login request to http://127.0.0.1:8080/api/auth/login
2025-04-10 17:05:59.244 [INFO] com.inteliMedExpress.utils.AppLogger: Logger initialized. Log file: logs/app_2025-04-10.log
2025-04-10 17:05:59.250 [INFO] LoginController: LoginController initialized
2025-04-10 17:05:59.515 [INFO] HttpsUtil: SSL setup complete with specific certificate and hostname verification disabled
2025-04-10 17:06:06.668 [INFO] LoginController: Login attempt for user: rcollins
2025-04-10 17:06:06.669 [INFO] LoginController: Sending login request to https://127.0.0.1:8080/api/auth/login
2025-04-10 17:06:08.753 [INFO] LoginController: rcollins successfully logged in.
2025-04-10 17:06:23.270 [INFO] LoginController: LoginController initialized
2025-04-10 17:10:21.109 [INFO] com.inteliMedExpress.utils.AppLogger: Logger initialized. Log file: logs/app_2025-04-10.log
2025-04-10 17:10:21.118 [INFO] LoginController: LoginController initialized
2025-04-10 17:10:21.445 [INFO] HttpsUtil: SSL setup complete with specific certificate and hostname verification disabled
2025-04-10 17:10:32.885 [INFO] LoginController: Login attempt for user: rcollins
2025-04-10 17:10:32.886 [INFO] LoginController: Sending login request to https://127.0.0.1:8080/api/auth/login
2025-04-10 17:10:34.404 [INFO] LoginController: rcollins successfully logged in.
2025-04-10 17:20:02.786 [INFO] com.inteliMedExpress.utils.AppLogger: Logger initialized. Log file: logs/app_2025-04-10.log
2025-04-10 17:20:02.792 [INFO] LoginController: LoginController initialized
2025-04-10 17:20:03.060 [INFO] HttpsUtil: SSL setup complete with specific certificate and hostname verification disabled
2025-04-10 17:20:12.333 [INFO] LoginController: Login attempt for user: rcollins
2025-04-10 17:20:12.333 [INFO] LoginController: Sending login request to https://127.0.0.1:8080/api/auth/login
2025-04-10 17:20:13.375 [INFO] LoginController: rcollins successfully logged in.
2025-04-10 17:22:26.366 [INFO] com.inteliMedExpress.utils.AppLogger: Logger initialized. Log file: logs/app_2025-04-10.log
2025-04-10 17:22:26.372 [INFO] LoginController: LoginController initialized
2025-04-10 17:22:26.637 [INFO] HttpsUtil: SSL setup complete with specific certificate and hostname verification disabled
2025-04-10 17:26:37.481 [INFO] com.inteliMedExpress.utils.AppLogger: Logger initialized. Log file: logs/app_2025-04-10.log
2025-04-10 17:26:37.486 [INFO] LoginController: LoginController initialized
2025-04-10 17:26:37.741 [INFO] HttpsUtil: SSL setup complete with specific certificate and hostname verification disabled
2025-04-10 17:26:45.380 [INFO] LoginController: Login attempt for user: rcollins
2025-04-10 17:26:45.380 [INFO] LoginController: Sending login request to https://127.0.0.1:8080/api/auth/login
2025-04-10 17:26:46.627 [INFO] LoginController: rcollins successfully logged in.
2025-04-10 17:30:09.475 [INFO] com.inteliMedExpress.utils.AppLogger: Logger initialized. Log file: logs/app_2025-04-10.log
2025-04-10 17:30:09.481 [INFO] LoginController: LoginController initialized
2025-04-10 17:30:09.739 [INFO] HttpsUtil: SSL setup complete with specific certificate and hostname verification disabled
2025-04-10 17:30:17.133 [INFO] LoginController: Login attempt for user: rcollins
2025-04-10 17:30:17.134 [INFO] LoginController: Sending login request to https://127.0.0.1:8080/api/auth/login
2025-04-10 17:30:18.383 [INFO] LoginController: rcollins successfully logged in.
2025-04-10 17:49:05.106 [INFO] com.inteliMedExpress.utils.AppLogger: Logger initialized. Log file: logs/app_2025-04-10.log
2025-04-10 17:49:05.109 [INFO] LoginController: LoginController initialized
2025-04-10 17:49:05.257 [INFO] HttpsUtil: SSL setup complete with specific certificate and hostname verification disabled
2025-04-10 17:49:18.509 [INFO] LoginController: Login attempt for user: rcollins
2025-04-10 17:49:18.509 [INFO] LoginController: Sending login request to https://127.0.0.1:8080/api/auth/login
2025-04-10 17:49:44.202 [INFO] LoginController: Login attempt for user: rcollins
2025-04-10 17:49:44.203 [INFO] LoginController: Sending login request to https://127.0.0.1:8080/api/auth/login
2025-04-10 17:49:45.877 [INFO] LoginController: rcollins successfully logged in.
2025-04-10 17:53:38.186 [INFO] com.inteliMedExpress.utils.AppLogger: Logger initialized. Log file: logs/app_2025-04-10.log
2025-04-10 17:53:38.192 [INFO] LoginController: LoginController initialized
2025-04-10 17:53:38.458 [INFO] HttpsUtil: SSL setup complete with specific certificate and hostname verification disabled
2025-04-10 17:54:39.270 [INFO] LoginController: Login attempt for user: rcollins
2025-04-10 17:54:39.271 [INFO] LoginController: Sending login request to https://127.0.0.1:8080/api/auth/login
2025-04-10 17:54:40.367 [INFO] LoginController: rcollins successfully logged in.
2025-04-10 18:01:44.810 [INFO] com.inteliMedExpress.utils.AppLogger: Logger initialized. Log file: logs/app_2025-04-10.log
2025-04-10 18:01:44.814 [INFO] LoginController: LoginController initialized
2025-04-10 18:01:44.977 [INFO] HttpsUtil: SSL setup complete with specific certificate and hostname verification disabled
2025-04-10 18:01:58.350 [INFO] LoginController: Login attempt for user: rcollins
2025-04-10 18:01:58.351 [INFO] LoginController: Sending login request to https://127.0.0.1:8080/api/auth/login
2025-04-10 18:01:59.534 [INFO] LoginController: rcollins successfully logged in.
2025-04-10 18:06:19.849 [INFO] com.inteliMedExpress.utils.AppLogger: Logger initialized. Log file: logs/app_2025-04-10.log
2025-04-10 18:06:19.856 [INFO] LoginController: LoginController initialized
2025-04-10 18:06:20.139 [INFO] HttpsUtil: SSL setup complete with specific certificate and hostname verification disabled
2025-04-10 18:06:41.296 [INFO] com.inteliMedExpress.utils.AppLogger: Logger initialized. Log file: logs/app_2025-04-10.log
2025-04-10 18:06:41.302 [INFO] LoginController: LoginController initialized
2025-04-10 18:06:41.601 [INFO] HttpsUtil: SSL setup complete with specific certificate and hostname verification disabled
2025-04-10 18:06:48.942 [INFO] LoginController: Login attempt for user: rcollins
2025-04-10 18:06:48.943 [INFO] LoginController: Sending login request to https://127.0.0.1:8080/api/auth/login
2025-04-10 18:06:50.052 [INFO] LoginController: rcollins successfully logged in.
2025-04-10 18:10:05.022 [INFO] com.inteliMedExpress.utils.AppLogger: Logger initialized. Log file: logs/app_2025-04-10.log
2025-04-10 18:10:05.025 [INFO] LoginController: LoginController initialized
2025-04-10 18:10:05.179 [INFO] HttpsUtil: SSL setup complete with specific certificate and hostname verification disabled
2025-04-10 18:10:14.279 [INFO] LoginController: Login attempt for user: rcollins
2025-04-10 18:10:14.279 [INFO] LoginController: Sending login request to https://127.0.0.1:8080/api/auth/login
2025-04-10 18:10:16.397 [INFO] LoginController: rcollins successfully logged in.
2025-04-10 18:12:50.993 [INFO] LoginController: LoginController initialized
2025-04-10 18:13:34.239 [INFO] RegisterController: Registering user: john1
2025-04-10 18:13:34.240 [INFO] RegisterController: Sending register request to https://127.0.0.1:8080/api/auth/register
2025-04-10 18:13:54.542 [INFO] LoginController: LoginController initialized
2025-04-10 18:13:59.533 [INFO] LoginController: Login attempt for user: john1
2025-04-10 18:13:59.533 [INFO] LoginController: Sending login request to https://127.0.0.1:8080/api/auth/login
2025-04-10 18:20:02.055 [INFO] com.inteliMedExpress.utils.AppLogger: Logger initialized. Log file: logs/app_2025-04-10.log
2025-04-10 18:20:02.060 [INFO] LoginController: LoginController initialized
2025-04-10 18:20:02.315 [INFO] HttpsUtil: SSL setup complete with specific certificate and hostname verification disabled
2025-04-10 18:20:11.304 [INFO] LoginController: Login attempt for user: tanderson
2025-04-10 18:20:11.304 [INFO] LoginController: Sending login request to https://127.0.0.1:8080/api/auth/login
2025-04-10 18:20:12.471 [INFO] LoginController: tanderson successfully logged in.
2025-04-10 18:20:16.026 [INFO] LoginController: LoginController initialized
2025-04-10 18:20:43.827 [INFO] RegisterController: Registering user: johnb
2025-04-10 18:20:43.827 [INFO] RegisterController: Sending register request to https://127.0.0.1:8080/api/auth/register
2025-04-10 18:20:45.071 [INFO] RegisterController: johnb successfully registered.
2025-04-10 18:20:45.428 [INFO] LoginController: LoginController initialized
2025-04-10 18:20:53.861 [INFO] LoginController: Login attempt for user: johnb
2025-04-10 18:20:53.861 [INFO] LoginController: Sending login request to https://127.0.0.1:8080/api/auth/login
2025-04-10 18:20:54.785 [INFO] LoginController: johnb successfully logged in.
2025-04-10 18:24:09.447 [INFO] com.inteliMedExpress.utils.AppLogger: Logger initialized. Log file: logs/app_2025-04-10.log
2025-04-10 18:24:09.453 [INFO] LoginController: LoginController initialized
2025-04-10 18:24:09.708 [INFO] HttpsUtil: SSL setup complete with specific certificate and hostname verification disabled
2025-04-10 18:24:15.802 [INFO] LoginController: Login attempt for user: johnb
2025-04-10 18:24:15.802 [INFO] LoginController: Sending login request to https://127.0.0.1:8080/api/auth/login
2025-04-10 18:24:17.041 [INFO] LoginController: johnb successfully logged in.
2025-04-10 18:30:11.344 [INFO] com.inteliMedExpress.utils.AppLogger: Logger initialized. Log file: logs/app_2025-04-10.log
2025-04-10 18:30:11.350 [INFO] LoginController: LoginController initialized
2025-04-10 18:30:11.602 [INFO] HttpsUtil: SSL setup complete with specific certificate and hostname verification disabled
2025-04-10 18:30:16.525 [INFO] LoginController: Login attempt for user: johnb
2025-04-10 18:30:16.525 [INFO] LoginController: Sending login request to https://127.0.0.1:8080/api/auth/login
2025-04-10 18:30:17.724 [INFO] LoginController: johnb successfully logged in.
2025-04-10 18:38:01.842 [INFO] com.inteliMedExpress.utils.AppLogger: Logger initialized. Log file: logs/app_2025-04-10.log
2025-04-10 18:38:01.848 [INFO] LoginController: LoginController initialized
2025-04-10 18:38:02.089 [INFO] HttpsUtil: SSL setup complete with specific certificate and hostname verification disabled
2025-04-10 18:38:07.217 [INFO] LoginController: Login attempt for user: johnb
2025-04-10 18:38:07.218 [INFO] LoginController: Sending login request to https://127.0.0.1:8080/api/auth/login
2025-04-10 18:38:08.421 [INFO] LoginController: johnb successfully logged in.
2025-04-10 18:42:08.290 [INFO] com.inteliMedExpress.utils.AppLogger: Logger initialized. Log file: logs/app_2025-04-10.log
2025-04-10 18:42:08.296 [INFO] LoginController: LoginController initialized
2025-04-10 18:42:08.538 [INFO] HttpsUtil: SSL setup complete with specific certificate and hostname verification disabled
2025-04-10 18:42:13.201 [INFO] LoginController: Login attempt for user: johnb
2025-04-10 18:42:13.202 [INFO] LoginController: Sending login request to https://127.0.0.1:8080/api/auth/login
2025-04-10 18:42:14.155 [INFO] LoginController: johnb successfully logged in.
2025-04-10 18:46:24.340 [INFO] com.inteliMedExpress.utils.AppLogger: Logger initialized. Log file: logs/app_2025-04-10.log
2025-04-10 18:46:24.346 [INFO] LoginController: LoginController initialized
2025-04-10 18:46:24.601 [INFO] HttpsUtil: SSL setup complete with specific certificate and hostname verification disabled
2025-04-10 18:46:33.873 [INFO] LoginController: Login attempt for user: johnb
2025-04-10 18:46:33.873 [INFO] LoginController: Sending login request to https://127.0.0.1:8080/api/auth/login
2025-04-10 18:46:34.953 [INFO] LoginController: johnb successfully logged in.
2025-04-10 18:47:30.933 [INFO] com.inteliMedExpress.utils.AppLogger: Logger initialized. Log file: logs/app_2025-04-10.log
2025-04-10 18:47:30.936 [INFO] LoginController: LoginController initialized
2025-04-10 18:47:31.117 [INFO] HttpsUtil: SSL setup complete with specific certificate and hostname verification disabled
2025-04-10 18:47:37.023 [INFO] LoginController: Login attempt for user: johnb
2025-04-10 18:47:37.024 [INFO] LoginController: Sending login request to https://127.0.0.1:8080/api/auth/login
2025-04-10 18:47:38.051 [INFO] LoginController: johnb successfully logged in.
2025-04-10 18:48:07.539 [INFO] com.inteliMedExpress.utils.AppLogger: Logger initialized. Log file: logs/app_2025-04-10.log
2025-04-10 18:48:07.545 [INFO] LoginController: LoginController initialized
2025-04-10 18:48:07.771 [INFO] HttpsUtil: SSL setup complete with specific certificate and hostname verification disabled
2025-04-10 18:48:12.311 [INFO] LoginController: Login attempt for user: johnb
2025-04-10 18:48:12.312 [INFO] LoginController: Sending login request to https://127.0.0.1:8080/api/auth/login
2025-04-10 18:48:13.438 [INFO] LoginController: johnb successfully logged in.
2025-04-10 18:55:28.430 [INFO] com.inteliMedExpress.utils.AppLogger: Logger initialized. Log file: logs/app_2025-04-10.log
2025-04-10 18:55:28.436 [INFO] LoginController: LoginController initialized
2025-04-10 18:55:28.704 [INFO] HttpsUtil: SSL setup complete with specific certificate and hostname verification disabled
2025-04-10 18:55:33.194 [INFO] LoginController: Login attempt for user: johnb
2025-04-10 18:55:33.194 [INFO] LoginController: Sending login request to https://127.0.0.1:8080/api/auth/login
2025-04-10 18:55:34.582 [INFO] LoginController: johnb successfully logged in.
2025-04-10 18:58:27.998 [INFO] com.inteliMedExpress.utils.AppLogger: Logger initialized. Log file: logs/app_2025-04-10.log
2025-04-10 18:58:28.004 [INFO] LoginController: LoginController initialized
2025-04-10 18:58:28.257 [INFO] HttpsUtil: SSL setup complete with specific certificate and hostname verification disabled
2025-04-10 18:58:32.899 [INFO] LoginController: Login attempt for user: johnb
2025-04-10 18:58:32.899 [INFO] LoginController: Sending login request to https://127.0.0.1:8080/api/auth/login
2025-04-10 18:58:33.938 [INFO] LoginController: johnb successfully logged in.
2025-04-10 19:04:56.837 [INFO] com.inteliMedExpress.utils.AppLogger: Logger initialized. Log file: logs/app_2025-04-10.log
2025-04-10 19:04:56.842 [INFO] LoginController: LoginController initialized
2025-04-10 19:04:57.130 [INFO] HttpsUtil: SSL setup complete with specific certificate and hostname verification disabled
2025-04-10 19:05:01.476 [INFO] LoginController: Login attempt for user: johnb
2025-04-10 19:05:01.477 [INFO] LoginController: Sending login request to https://127.0.0.1:8080/api/auth/login
2025-04-10 19:05:03.132 [INFO] LoginController: johnb successfully logged in.
